<?xml version="1.0" encoding="UTF-8"?>
<!-- Generated by org.testng.reporters.JUnitReportReporter -->
<testsuite hostname="DESKTOP-2QV6VFC" failures="0" tests="1" name="scripts.ValidLogin" time="25.244" errors="0" timestamp="2023-09-01T21:13:57 IST" skipped="0">
  <testcase classname="scripts.ValidLogin" name="testValidLogin" time="25.244">
    <system-out>
      <![CDATA[The Login is Successfull and Home page is displayed]]>
    </system-out>
  </testcase> <!-- testValidLogin -->
  <system-out>
    <![CDATA[Open the Browserfirefox
Maximize the Browser
Enter the URLhttps://demo.actitime.com/login.do
Set the Implicit and Explicit Timeout10
The Login is Successfull and Home page is displayed]]>
  </system-out>
</testsuite> <!-- scripts.ValidLogin -->
