<?xml version="1.0" encoding="UTF-8"?>
<!-- Generated by org.testng.reporters.JUnitReportReporter -->
<testsuite hostname="DESKTOP-2QV6VFC" failures="0" tests="1" name="scripts.TestCase1" time="26.760" errors="0" timestamp="2023-08-31T22:02:47 IST" skipped="0">
  <testcase classname="scripts.TestCase1" name="testA" time="26.760">
    <system-out>
      <![CDATA[Akshara – Training Center
XL : Gururaj]]>
    </system-out>
  </testcase> <!-- testA -->
  <system-out>
    <![CDATA[Open the Browserfirefox
Maximize the Browser
Enter the URLhttp://www.aksharatraining.com
Set the Implicit and Explicit Timeout10
Akshara – Training Center
XL : Gururaj]]>
  </system-out>
</testsuite> <!-- scripts.TestCase1 -->
