<?xml version="1.0" encoding="UTF-8"?>
<!-- Generated by org.testng.reporters.JUnitReportReporter -->
<testsuite hostname="DESKTOP-2QV6VFC" failures="0" tests="1" name="dayTwentyEight.Demo1" time="21.874" errors="0" timestamp="2023-08-31T00:16:33 IST" skipped="0">
  <testcase classname="dayTwentyEight.Demo1" name="testA" time="21.874"/>
</testsuite> <!-- dayTwentyEight.Demo1 -->
